<?xml version="1.0" encoding="UTF-8"?>
<!-- Generated by org.testng.reporters.JUnitXMLReporter -->
<testsuite ignored="0" hostname="DESKTOP-9BA474E" failures="0" tests="3" name="Customers Amount Withdrawl Test" time="59.102" errors="0" timestamp="18 Aug 2024 12:46:32 GMT">
  <testcase classname="com.DKP.testcases.CustomerAmountWithdrawlTest" name="amountwithdrawlTest" time="14.968"/>
  <testcase classname="com.DKP.testcases.CustomerAmountWithdrawlTest" name="amountwithdrawlTest" time="21.058"/>
  <testcase classname="com.DKP.testcases.CustomerAmountWithdrawlTest" name="amountwithdrawlTest" time="23.071"/>
</testsuite> <!-- Customers Amount Withdrawl Test -->
