<?xml version="1.0" encoding="UTF-8"?>
<!-- Generated by org.testng.reporters.JUnitXMLReporter -->
<testsuite ignored="0" hostname="DESKTOP-9BA474E" failures="0" tests="5" name="Validate Added Customers" time="13.42" errors="0" timestamp="06 Jul 2024 08:39:19 GMT">
  <testcase classname="com.DKP.testcases.ValidateCustomers" name="Validatecustomers" time="3.482"/>
  <testcase classname="com.DKP.testcases.ValidateCustomers" name="Validatecustomers" time="3.373"/>
  <testcase classname="com.DKP.testcases.ValidateCustomers" name="Validatecustomers" time="3.259"/>
  <testcase classname="com.DKP.testcases.ValidateCustomers" name="Validatecustomers" time="0.001">
    <skipped/>
  </testcase> <!-- Validatecustomers -->
  <testcase classname="com.DKP.testcases.ValidateCustomers" name="Validatecustomers" time="3.296"/>
</testsuite> <!-- Validate Added Customers -->
