<?xml version="1.0" encoding="UTF-8"?>
<testng-results ignored="0" total="13" passed="13" failed="0" skipped="0">
  <reporter-output>
  </reporter-output>
  <suite started-at="2024-11-18T17:52:48Z" name="Data Driven Basics" finished-at="2024-11-18T17:55:05Z" duration-ms="136649">
    <groups>
    </groups>
    <test started-at="2024-11-18T17:52:48Z" name="Bank Manager Login Test" finished-at="2024-11-18T17:52:49Z" duration-ms="450">
      <class name="com.DKP.testcases.BankManagerLogin">
        <test-method signature="bankmanagerloginTest()[pri:0, instance:com.DKP.testcases.BankManagerLogin@21d5c1a0]" started-at="2024-11-18T17:52:48Z" name="bankmanagerloginTest" finished-at="2024-11-18T17:52:49Z" duration-ms="424" status="PASS">
          <reporter-output>
          </reporter-output>
        </test-method> <!-- bankmanagerloginTest -->
      </class> <!-- com.DKP.testcases.BankManagerLogin -->
    </test> <!-- Bank Manager Login Test -->
    <test started-at="2024-11-18T17:52:50Z" name="Add Customer Test" finished-at="2024-11-18T17:52:56Z" duration-ms="6485">
      <class name="com.DKP.testcases.AddCustomer">
        <test-method signature="addCustomerTest(java.util.HashMap)[pri:0, instance:com.DKP.testcases.AddCustomer@780ec4a5]" started-at="2024-11-18T17:52:50Z" name="addCustomerTest" data-provider="dp" finished-at="2024-11-18T17:52:53Z" duration-ms="3190" status="PASS">
          <params>
            <param index="0">
              <value>
                <![CDATA[{runmode=Y, firstName=Dharmendra, lastName=Pal, postCode=1234.0}]]>
              </value>
            </param>
          </params>
          <reporter-output>
          </reporter-output>
        </test-method> <!-- addCustomerTest -->
        <test-method signature="addCustomerTest(java.util.HashMap)[pri:0, instance:com.DKP.testcases.AddCustomer@780ec4a5]" started-at="2024-11-18T17:52:53Z" name="addCustomerTest" data-provider="dp" finished-at="2024-11-18T17:52:56Z" duration-ms="3250" status="PASS">
          <params>
            <param index="0">
              <value>
                <![CDATA[{runmode=Y, firstName=Suresh, lastName=Pal , postCode=4212.0}]]>
              </value>
            </param>
          </params>
          <reporter-output>
          </reporter-output>
        </test-method> <!-- addCustomerTest -->
      </class> <!-- com.DKP.testcases.AddCustomer -->
    </test> <!-- Add Customer Test -->
    <test started-at="2024-11-18T17:52:56Z" name="Open Account Test" finished-at="2024-11-18T17:53:00Z" duration-ms="3711">
      <class name="com.DKP.testcases.OpenAccount">
        <test-method signature="openAccountTest(java.util.HashMap)[pri:0, instance:com.DKP.testcases.OpenAccount@3aa3193a]" started-at="2024-11-18T17:52:56Z" name="openAccountTest" data-provider="dp" finished-at="2024-11-18T17:53:00Z" duration-ms="3707" status="PASS">
          <params>
            <param index="0">
              <value>
                <![CDATA[{runmode=Y, currency=Rupee, customer=Dharmendra Pal}]]>
              </value>
            </param>
          </params>
          <reporter-output>
          </reporter-output>
        </test-method> <!-- openAccountTest -->
      </class> <!-- com.DKP.testcases.OpenAccount -->
    </test> <!-- Open Account Test -->
    <test started-at="2024-11-18T17:53:00Z" name="Validate Added Customers" finished-at="2024-11-18T17:53:04Z" duration-ms="3878">
      <class name="com.DKP.testcases.Customers">
        <test-method signature="Validatecustomers(java.util.HashMap)[pri:0, instance:com.DKP.testcases.Customers@9573b3b]" started-at="2024-11-18T17:53:00Z" name="Validatecustomers" data-provider="dp" finished-at="2024-11-18T17:53:04Z" duration-ms="3856" status="PASS">
          <params>
            <param index="0">
              <value>
                <![CDATA[{runmode=Y, firstName=Suresh, lastName=Pal, postCode=4212.0}]]>
              </value>
            </param>
          </params>
          <reporter-output>
          </reporter-output>
        </test-method> <!-- Validatecustomers -->
      </class> <!-- com.DKP.testcases.Customers -->
    </test> <!-- Validate Added Customers -->
    <test started-at="2024-11-18T17:53:04Z" name="Customers Login" finished-at="2024-11-18T17:53:07Z" duration-ms="3424">
      <class name="com.DKP.testcases.CustomerLogin">
        <test-method signature="customerloginTest(java.util.HashMap)[pri:0, instance:com.DKP.testcases.CustomerLogin@1b822fcc]" started-at="2024-11-18T17:53:04Z" name="customerloginTest" data-provider="dp" finished-at="2024-11-18T17:53:07Z" duration-ms="3422" status="PASS">
          <params>
            <param index="0">
              <value>
                <![CDATA[{runmode=Y, customer=Dharmendra Pal}]]>
              </value>
            </param>
          </params>
          <reporter-output>
          </reporter-output>
        </test-method> <!-- customerloginTest -->
      </class> <!-- com.DKP.testcases.CustomerLogin -->
    </test> <!-- Customers Login -->
    <test started-at="2024-11-18T17:53:07Z" name="Customers Amount Deposit Test" finished-at="2024-11-18T17:53:59Z" duration-ms="51237">
      <class name="com.DKP.testcases.CustomerAmountDepositTest">
        <test-method signature="amountDepositTest(java.util.HashMap)[pri:0, instance:com.DKP.testcases.CustomerAmountDepositTest@51f49060]" started-at="2024-11-18T17:53:07Z" name="amountDepositTest" data-provider="dp" finished-at="2024-11-18T17:53:24Z" duration-ms="17109" status="PASS">
          <params>
            <param index="0">
              <value>
                <![CDATA[{TransactionAmount=100.0, runmode=Y, customer=Dharmendra Pal}]]>
              </value>
            </param>
          </params>
          <reporter-output>
          </reporter-output>
        </test-method> <!-- amountDepositTest -->
        <test-method signature="amountDepositTest(java.util.HashMap)[pri:0, instance:com.DKP.testcases.CustomerAmountDepositTest@51f49060]" started-at="2024-11-18T17:53:24Z" name="amountDepositTest" data-provider="dp" finished-at="2024-11-18T17:53:40Z" duration-ms="15546" status="PASS">
          <params>
            <param index="0">
              <value>
                <![CDATA[{TransactionAmount=200.0, runmode=Y, customer=Dharmendra Pal}]]>
              </value>
            </param>
          </params>
          <reporter-output>
          </reporter-output>
        </test-method> <!-- amountDepositTest -->
        <test-method signature="amountDepositTest(java.util.HashMap)[pri:0, instance:com.DKP.testcases.CustomerAmountDepositTest@51f49060]" started-at="2024-11-18T17:53:40Z" name="amountDepositTest" data-provider="dp" finished-at="2024-11-18T17:53:59Z" duration-ms="18577" status="PASS">
          <params>
            <param index="0">
              <value>
                <![CDATA[{TransactionAmount=700.0, runmode=Y, customer=Dharmendra Pal}]]>
              </value>
            </param>
          </params>
          <reporter-output>
          </reporter-output>
        </test-method> <!-- amountDepositTest -->
      </class> <!-- com.DKP.testcases.CustomerAmountDepositTest -->
    </test> <!-- Customers Amount Deposit Test -->
    <test started-at="2024-11-18T17:53:59Z" name="Customers Amount Withdrawl Test" finished-at="2024-11-18T17:55:03Z" duration-ms="64410">
      <class name="com.DKP.testcases.CustomerAmountWithdrawlTest">
        <test-method signature="amountwithdrawlTest(java.util.HashMap)[pri:0, instance:com.DKP.testcases.CustomerAmountWithdrawlTest@466cf502]" started-at="2024-11-18T17:53:59Z" name="amountwithdrawlTest" data-provider="dp" finished-at="2024-11-18T17:54:15Z" duration-ms="16811" status="PASS">
          <params>
            <param index="0">
              <value>
                <![CDATA[{TransactionAmount=200.0, runmode=Y, customer=Dharmendra Pal}]]>
              </value>
            </param>
          </params>
          <reporter-output>
          </reporter-output>
        </test-method> <!-- amountwithdrawlTest -->
        <test-method signature="amountwithdrawlTest(java.util.HashMap)[pri:0, instance:com.DKP.testcases.CustomerAmountWithdrawlTest@466cf502]" started-at="2024-11-18T17:54:15Z" name="amountwithdrawlTest" data-provider="dp" finished-at="2024-11-18T17:54:38Z" duration-ms="22713" status="PASS">
          <params>
            <param index="0">
              <value>
                <![CDATA[{TransactionAmount=400.0, runmode=Y, customer=Dharmendra Pal}]]>
              </value>
            </param>
          </params>
          <reporter-output>
          </reporter-output>
        </test-method> <!-- amountwithdrawlTest -->
        <test-method signature="amountwithdrawlTest(java.util.HashMap)[pri:0, instance:com.DKP.testcases.CustomerAmountWithdrawlTest@466cf502]" started-at="2024-11-18T17:54:38Z" name="amountwithdrawlTest" data-provider="dp" finished-at="2024-11-18T17:55:03Z" duration-ms="24878" status="PASS">
          <params>
            <param index="0">
              <value>
                <![CDATA[{TransactionAmount=300.0, runmode=Y, customer=Dharmendra Pal}]]>
              </value>
            </param>
          </params>
          <reporter-output>
          </reporter-output>
        </test-method> <!-- amountwithdrawlTest -->
      </class> <!-- com.DKP.testcases.CustomerAmountWithdrawlTest -->
    </test> <!-- Customers Amount Withdrawl Test -->
    <test started-at="2024-11-18T17:55:03Z" name="Customers Logout Test" finished-at="2024-11-18T17:55:05Z" duration-ms="1670">
      <class name="com.DKP.testcases.CustomerLogoutTest">
        <test-method is-config="true" signature="setUp()[pri:0, instance:com.DKP.testcases.CustomerLogoutTest@1c32886a]" started-at="2024-11-18T17:52:42Z" name="setUp" finished-at="2024-11-18T17:52:48Z" duration-ms="6475" status="PASS">
          <reporter-output>
          </reporter-output>
        </test-method> <!-- setUp -->
        <test-method signature="customerLogoutTest(java.util.HashMap)[pri:0, instance:com.DKP.testcases.CustomerLogoutTest@1c32886a]" started-at="2024-11-18T17:55:03Z" name="customerLogoutTest" data-provider="dp" finished-at="2024-11-18T17:55:05Z" duration-ms="1667" status="PASS">
          <params>
            <param index="0">
              <value>
                <![CDATA[{runmode=Y, customer=Dharmendra Pal}]]>
              </value>
            </param>
          </params>
          <reporter-output>
          </reporter-output>
        </test-method> <!-- customerLogoutTest -->
        <test-method is-config="true" signature="tearDown()[pri:0, instance:com.DKP.testcases.CustomerLogoutTest@1c32886a]" started-at="2024-11-18T17:55:05Z" name="tearDown" finished-at="2024-11-18T17:55:05Z" duration-ms="178" status="PASS">
          <reporter-output>
          </reporter-output>
        </test-method> <!-- tearDown -->
      </class> <!-- com.DKP.testcases.CustomerLogoutTest -->
    </test> <!-- Customers Logout Test -->
  </suite> <!-- Data Driven Basics -->
</testng-results>
