<?xml version="1.0" encoding="UTF-8"?>
<testsuite name="TestSuite" time="9.764" tests="14" errors="0" skipped="5" failures="0">
  <properties>
[...]
</properties>
  <testcase name="loginTest" classname="com.DKP.testcases.BankManagerLoginTest" time="2.689"/>
  <testcase name="addCustomerTest" classname="com.DKP.testcases.AddCustomerTest" time="3.598"/>
  <testcase name="addCustomerTest" classname="com.DKP.testcases.AddCustomerTest" time="2.515"/>
  <testcase name="addCustomerTest" classname="com.DKP.testcases.AddCustomerTest" time="0">
    <skipped/>
  </testcase>
  <testcase name="addCustomerTest" classname="com.DKP.testcases.AddCustomerTest" time="2.591"/>
  <testcase name="addCustomerTest" classname="com.DKP.testcases.AddCustomerTest" time="0">
    <skipped/>
  </testcase>
  <testcase name="addCustomerTest" classname="com.DKP.testcases.AddCustomerTest" time="4.885"/>
  <testcase name="addCustomerTest" classname="com.DKP.testcases.AddCustomerTest" time="0">
    <skipped/>
  </testcase>
  <testcase name="openAccountTest" classname="com.DKP.testcases.OpenAccountTest" time="0">
    <skipped/>
  </testcase>
  <testcase name="Validatecustomers" classname="com.DKP.testcases.ValidateCustomers" time="3.477"/>
  <testcase name="Validatecustomers" classname="com.DKP.testcases.ValidateCustomers" time="3.373"/>
  <testcase name="Validatecustomers" classname="com.DKP.testcases.ValidateCustomers" time="3.259"/>
  <testcase name="Validatecustomers" classname="com.DKP.testcases.ValidateCustomers" time="0">
    <skipped/>
  </testcase>
  <testcase name="Validatecustomers" classname="com.DKP.testcases.ValidateCustomers" time="3.296"/>
</testsuite>