<?xml version="1.0" encoding="UTF-8"?>
<testsuite xmlns:xsi="http://www.w3.org/2001/XMLSchema-instance" xsi:noNamespaceSchemaLocation="https://maven.apache.org/surefire/maven-surefire-plugin/xsd/surefire-test-report.xsd" name="TestSuite" time="163.928" tests="13" errors="0" skipped="0" failures="0">
  <properties>
[...]
</properties>
  <testcase name="bankmanagerloginTest" classname="com.DKP.testcases.BankManagerLogin" time="0.502"/>
  <testcase name="addCustomerTest" classname="com.DKP.testcases.AddCustomer" time="4.04"/>
  <testcase name="addCustomerTest" classname="com.DKP.testcases.AddCustomer" time="3.319"/>
  <testcase name="openAccountTest" classname="com.DKP.testcases.OpenAccount" time="7.495"/>
  <testcase name="Validatecustomers" classname="com.DKP.testcases.Customers" time="8.509"/>
  <testcase name="customerloginTest" classname="com.DKP.testcases.CustomerLogin" time="6.311"/>
  <testcase name="amountDepositTest" classname="com.DKP.testcases.CustomerAmountDepositTest" time="13.862"/>
  <testcase name="amountDepositTest" classname="com.DKP.testcases.CustomerAmountDepositTest" time="14.82"/>
  <testcase name="amountDepositTest" classname="com.DKP.testcases.CustomerAmountDepositTest" time="17.768"/>
  <testcase name="amountwithdrawlTest" classname="com.DKP.testcases.CustomerAmountWithdrawlTest" time="16.535"/>
  <testcase name="amountwithdrawlTest" classname="com.DKP.testcases.CustomerAmountWithdrawlTest" time="23.864"/>
  <testcase name="amountwithdrawlTest" classname="com.DKP.testcases.CustomerAmountWithdrawlTest" time="24.941"/>
  <testcase name="customerLogoutTest" classname="com.DKP.testcases.CustomerLogoutTest" time="1.929"/>
</testsuite>