<?xml version="1.0" encoding="UTF-8"?>
<testng-results ignored="0" total="13" passed="13" failed="0" skipped="0">
  <reporter-output>
  </reporter-output>
  <suite started-at="2024-08-18T18:07:14Z" name="Data Driven Basics" finished-at="2024-08-18T18:09:17Z" duration-ms="122266">
    <groups>
    </groups>
    <test started-at="2024-08-18T18:07:14Z" name="Bank Manager Login Test" finished-at="2024-08-18T18:07:16Z" duration-ms="1468">
      <class name="com.DKP.testcases.BankManagerLogin">
        <test-method signature="bankmanagerloginTest()[pri:0, instance:com.DKP.testcases.BankManagerLogin@6d2260db]" started-at="2024-08-18T18:07:14Z" name="bankmanagerloginTest" finished-at="2024-08-18T18:07:16Z" duration-ms="1384" status="PASS">
          <reporter-output>
          </reporter-output>
        </test-method> <!-- bankmanagerloginTest -->
      </class> <!-- com.DKP.testcases.BankManagerLogin -->
    </test> <!-- Bank Manager Login Test -->
    <test started-at="2024-08-18T18:07:18Z" name="Add Customer Test" finished-at="2024-08-18T18:07:24Z" duration-ms="6289">
      <class name="com.DKP.testcases.AddCustomer">
        <test-method signature="addCustomerTest(java.util.Hashtable)[pri:0, instance:com.DKP.testcases.AddCustomer@273c947f]" started-at="2024-08-18T18:07:18Z" name="addCustomerTest" data-provider="dp" finished-at="2024-08-18T18:07:21Z" duration-ms="3407" status="PASS">
          <params>
            <param index="0">
              <value>
                <![CDATA[{postCode=1234.0, lastName=Pal, firstName=Dharmendra, runmode=Y}]]>
              </value>
            </param>
          </params>
          <reporter-output>
          </reporter-output>
        </test-method> <!-- addCustomerTest -->
        <test-method signature="addCustomerTest(java.util.Hashtable)[pri:0, instance:com.DKP.testcases.AddCustomer@273c947f]" started-at="2024-08-18T18:07:21Z" name="addCustomerTest" data-provider="dp" finished-at="2024-08-18T18:07:24Z" duration-ms="2686" status="PASS">
          <params>
            <param index="0">
              <value>
                <![CDATA[{postCode=4212.0, lastName=Pal , firstName=Suresh, runmode=Y}]]>
              </value>
            </param>
          </params>
          <reporter-output>
          </reporter-output>
        </test-method> <!-- addCustomerTest -->
      </class> <!-- com.DKP.testcases.AddCustomer -->
    </test> <!-- Add Customer Test -->
    <test started-at="2024-08-18T18:07:24Z" name="Open Account Test" finished-at="2024-08-18T18:07:28Z" duration-ms="3610">
      <class name="com.DKP.testcases.OpenAccount">
        <test-method signature="openAccountTest(java.util.Hashtable)[pri:0, instance:com.DKP.testcases.OpenAccount@c1a4620]" started-at="2024-08-18T18:07:24Z" name="openAccountTest" data-provider="dp" finished-at="2024-08-18T18:07:28Z" duration-ms="3608" status="PASS">
          <params>
            <param index="0">
              <value>
                <![CDATA[{currency=Rupee, runmode=Y, customer=Dharmendra Pal}]]>
              </value>
            </param>
          </params>
          <reporter-output>
          </reporter-output>
        </test-method> <!-- openAccountTest -->
      </class> <!-- com.DKP.testcases.OpenAccount -->
    </test> <!-- Open Account Test -->
    <test started-at="2024-08-18T18:07:28Z" name="Validate Added Customers" finished-at="2024-08-18T18:07:31Z" duration-ms="3209">
      <class name="com.DKP.testcases.Customers">
        <test-method signature="Validatecustomers(java.util.Hashtable)[pri:0, instance:com.DKP.testcases.Customers@6e0d4a8]" started-at="2024-08-18T18:07:28Z" name="Validatecustomers" data-provider="dp" finished-at="2024-08-18T18:07:31Z" duration-ms="3204" status="PASS">
          <params>
            <param index="0">
              <value>
                <![CDATA[{postCode=4212.0, lastName=Pal, firstName=Suresh, runmode=Y}]]>
              </value>
            </param>
          </params>
          <reporter-output>
          </reporter-output>
        </test-method> <!-- Validatecustomers -->
      </class> <!-- com.DKP.testcases.Customers -->
    </test> <!-- Validate Added Customers -->
    <test started-at="2024-08-18T18:07:31Z" name="Customers Login" finished-at="2024-08-18T18:07:34Z" duration-ms="3258">
      <class name="com.DKP.testcases.CustomerLogin">
        <test-method signature="customerloginTest(java.util.Hashtable)[pri:0, instance:com.DKP.testcases.CustomerLogin@251ebf23]" started-at="2024-08-18T18:07:31Z" name="customerloginTest" data-provider="dp" finished-at="2024-08-18T18:07:34Z" duration-ms="3255" status="PASS">
          <params>
            <param index="0">
              <value>
                <![CDATA[{runmode=Y, customer=Dharmendra Pal}]]>
              </value>
            </param>
          </params>
          <reporter-output>
          </reporter-output>
        </test-method> <!-- customerloginTest -->
      </class> <!-- com.DKP.testcases.CustomerLogin -->
    </test> <!-- Customers Login -->
    <test started-at="2024-08-18T18:07:34Z" name="Customers Amount Deposit Test" finished-at="2024-08-18T18:08:15Z" duration-ms="40914">
      <class name="com.DKP.testcases.CustomerAmountDepositTest">
        <test-method signature="amountDepositTest(java.util.Hashtable)[pri:0, instance:com.DKP.testcases.CustomerAmountDepositTest@62e8f862]" started-at="2024-08-18T18:07:34Z" name="amountDepositTest" data-provider="dp" finished-at="2024-08-18T18:07:47Z" duration-ms="12604" status="PASS">
          <params>
            <param index="0">
              <value>
                <![CDATA[{TransactionAmount=100.0, runmode=Y, customer=Dharmendra Pal}]]>
              </value>
            </param>
          </params>
          <reporter-output>
          </reporter-output>
        </test-method> <!-- amountDepositTest -->
        <test-method signature="amountDepositTest(java.util.Hashtable)[pri:0, instance:com.DKP.testcases.CustomerAmountDepositTest@62e8f862]" started-at="2024-08-18T18:07:47Z" name="amountDepositTest" data-provider="dp" finished-at="2024-08-18T18:08:00Z" duration-ms="13146" status="PASS">
          <params>
            <param index="0">
              <value>
                <![CDATA[{TransactionAmount=200.0, runmode=Y, customer=Dharmendra Pal}]]>
              </value>
            </param>
          </params>
          <reporter-output>
          </reporter-output>
        </test-method> <!-- amountDepositTest -->
        <test-method signature="amountDepositTest(java.util.Hashtable)[pri:0, instance:com.DKP.testcases.CustomerAmountDepositTest@62e8f862]" started-at="2024-08-18T18:08:00Z" name="amountDepositTest" data-provider="dp" finished-at="2024-08-18T18:08:15Z" duration-ms="15155" status="PASS">
          <params>
            <param index="0">
              <value>
                <![CDATA[{TransactionAmount=700.0, runmode=Y, customer=Dharmendra Pal}]]>
              </value>
            </param>
          </params>
          <reporter-output>
          </reporter-output>
        </test-method> <!-- amountDepositTest -->
      </class> <!-- com.DKP.testcases.CustomerAmountDepositTest -->
    </test> <!-- Customers Amount Deposit Test -->
    <test started-at="2024-08-18T18:08:15Z" name="Customers Amount Withdrawl Test" finished-at="2024-08-18T18:09:15Z" duration-ms="59975">
      <class name="com.DKP.testcases.CustomerAmountWithdrawlTest">
        <test-method signature="amountwithdrawlTest(java.util.Hashtable)[pri:0, instance:com.DKP.testcases.CustomerAmountWithdrawlTest@6c2d4cc6]" started-at="2024-08-18T18:08:15Z" name="amountwithdrawlTest" data-provider="dp" finished-at="2024-08-18T18:08:30Z" duration-ms="14997" status="PASS">
          <params>
            <param index="0">
              <value>
                <![CDATA[{TransactionAmount=200.0, runmode=Y, customer=Dharmendra Pal}]]>
              </value>
            </param>
          </params>
          <reporter-output>
          </reporter-output>
        </test-method> <!-- amountwithdrawlTest -->
        <test-method signature="amountwithdrawlTest(java.util.Hashtable)[pri:0, instance:com.DKP.testcases.CustomerAmountWithdrawlTest@6c2d4cc6]" started-at="2024-08-18T18:08:30Z" name="amountwithdrawlTest" data-provider="dp" finished-at="2024-08-18T18:08:52Z" duration-ms="21636" status="PASS">
          <params>
            <param index="0">
              <value>
                <![CDATA[{TransactionAmount=400.0, runmode=Y, customer=Dharmendra Pal}]]>
              </value>
            </param>
          </params>
          <reporter-output>
          </reporter-output>
        </test-method> <!-- amountwithdrawlTest -->
        <test-method signature="amountwithdrawlTest(java.util.Hashtable)[pri:0, instance:com.DKP.testcases.CustomerAmountWithdrawlTest@6c2d4cc6]" started-at="2024-08-18T18:08:52Z" name="amountwithdrawlTest" data-provider="dp" finished-at="2024-08-18T18:09:15Z" duration-ms="23337" status="PASS">
          <params>
            <param index="0">
              <value>
                <![CDATA[{TransactionAmount=300.0, runmode=Y, customer=Dharmendra Pal}]]>
              </value>
            </param>
          </params>
          <reporter-output>
          </reporter-output>
        </test-method> <!-- amountwithdrawlTest -->
      </class> <!-- com.DKP.testcases.CustomerAmountWithdrawlTest -->
    </test> <!-- Customers Amount Withdrawl Test -->
    <test started-at="2024-08-18T18:09:15Z" name="Customers Logout Test" finished-at="2024-08-18T18:09:17Z" duration-ms="1352">
      <class name="com.DKP.testcases.CustomerLogoutTest">
        <test-method is-config="true" signature="setUp()[pri:0, instance:com.DKP.testcases.CustomerLogoutTest@9fecdf1]" started-at="2024-08-18T18:06:51Z" name="setUp" finished-at="2024-08-18T18:07:14Z" duration-ms="23082" status="PASS">
          <reporter-output>
          </reporter-output>
        </test-method> <!-- setUp -->
        <test-method signature="customerLogoutTest(java.util.Hashtable)[pri:0, instance:com.DKP.testcases.CustomerLogoutTest@9fecdf1]" started-at="2024-08-18T18:09:15Z" name="customerLogoutTest" data-provider="dp" finished-at="2024-08-18T18:09:17Z" duration-ms="1351" status="PASS">
          <params>
            <param index="0">
              <value>
                <![CDATA[{runmode=Y, customer=Dharmendra Pal}]]>
              </value>
            </param>
          </params>
          <reporter-output>
          </reporter-output>
        </test-method> <!-- customerLogoutTest -->
        <test-method is-config="true" signature="tearDown()[pri:0, instance:com.DKP.testcases.CustomerLogoutTest@9fecdf1]" started-at="2024-08-18T18:09:17Z" name="tearDown" finished-at="2024-08-18T18:09:18Z" duration-ms="857" status="PASS">
          <reporter-output>
          </reporter-output>
        </test-method> <!-- tearDown -->
      </class> <!-- com.DKP.testcases.CustomerLogoutTest -->
    </test> <!-- Customers Logout Test -->
  </suite> <!-- Data Driven Basics -->
</testng-results>
