<?xml version="1.0" encoding="UTF-8"?>
<!-- Generated by org.testng.reporters.JUnitXMLReporter -->
<testsuite ignored="0" hostname="DESKTOP-9BA474E" failures="0" tests="2" name="Customers Amount Transaction Details Test" time="10.676" errors="0" timestamp="11 Aug 2024 14:25:19 GMT">
  <testcase classname="com.DKP.testcases.CustomerAmountTransactionDetailsTest" name="amountTransactionDetailsTest" time="10.658"/>
  <testcase classname="com.DKP.testcases.CustomerAmountTransactionDetailsTest" name="amountTransactionDetailsTest" time="0.006">
    <skipped/>
  </testcase> <!-- amountTransactionDetailsTest -->
</testsuite> <!-- Customers Amount Transaction Details Test -->
