<?xml version="1.0" encoding="UTF-8"?>
<!-- Generated by org.testng.reporters.JUnitXMLReporter -->
<testsuite ignored="0" hostname="DESKTOP-9BA474E" failures="0" tests="3" name="Customers Amount Deposit Test" time="39.413" errors="0" timestamp="2025-07-26T17:14:11 IST">
  <testcase classname="com.DKP.testcases.CustomerAmountDepositTest" name="amountDepositTest" time="11.403"/>
  <testcase classname="com.DKP.testcases.CustomerAmountDepositTest" name="amountDepositTest" time="12.975"/>
  <testcase classname="com.DKP.testcases.CustomerAmountDepositTest" name="amountDepositTest" time="15.022"/>
</testsuite> <!-- Customers Amount Deposit Test -->
