<?xml version="1.0" encoding="UTF-8"?>
<testsuite name="Customers Amount Withdrawl Test"
           tests="3"
           failures="0"
           errors="0"
           skipped="0"
           time="58.960">
  <properties />
  
  
            <testcase name="amountwithdrawlTest" time="23.042" classname="com.DKP.testcases.CustomerAmountWithdrawlTest" />
                <testcase name="amountwithdrawlTest" time="14.894" classname="com.DKP.testcases.CustomerAmountWithdrawlTest" />
                <testcase name="amountwithdrawlTest" time="21.024" classname="com.DKP.testcases.CustomerAmountWithdrawlTest" />
      
</testsuite>
