<?xml version="1.0" encoding="UTF-8"?>
<testsuite name="Customers Amount Deposit Test"
           tests="3"
           failures="0"
           errors="0"
           skipped="0"
           time="39.264">
  <properties />
  
  
            <testcase name="amountDepositTest" time="11.466" classname="com.DKP.testcases.CustomerAmountDepositTest" />
                <testcase name="amountDepositTest" time="14.936" classname="com.DKP.testcases.CustomerAmountDepositTest" />
                <testcase name="amountDepositTest" time="12.862" classname="com.DKP.testcases.CustomerAmountDepositTest" />
      
</testsuite>
