<?xml version="1.0" encoding="UTF-8"?>
<testsuite name="Customers Amount Transaction Details Test"
           tests="2"
           failures="0"
           errors="0"
           skipped="1"
           time="10.664">
  <properties />
  
            <testcase name="amountTransactionDetailsTest" time="0.0" classname="com.DKP.testcases.CustomerAmountTransactionDetailsTest">
          <skipped />
    </testcase>
  
            <testcase name="amountTransactionDetailsTest" time="10.658" classname="com.DKP.testcases.CustomerAmountTransactionDetailsTest" />
      
</testsuite>
