<?xml version="1.0" encoding="UTF-8"?>
<testng-results ignored="0" total="13" passed="13" failed="0" skipped="0">
  <reporter-output>
  </reporter-output>
  <suite started-at="2025-07-26T17:13:14 IST" name="Data Driven Basics" finished-at="2025-07-26T17:15:14 IST" duration-ms="120780">
    <groups>
    </groups>
    <test started-at="2025-07-26T17:13:14 IST" name="Bank Manager Login Test" finished-at="2025-07-26T17:13:14 IST" duration-ms="658">
      <class name="com.DKP.testcases.BankManagerLogin">
        <test-method signature="bankmanagerloginTest()[pri:0, instance:com.DKP.testcases.BankManagerLogin@1c32886a]" started-at="2025-07-26T17:13:14 IST" name="bankmanagerloginTest" finished-at="2025-07-26T17:13:14 IST" duration-ms="586" status="PASS">
          <reporter-output>
          </reporter-output>
        </test-method> <!-- bankmanagerloginTest -->
      </class> <!-- com.DKP.testcases.BankManagerLogin -->
    </test> <!-- Bank Manager Login Test -->
    <test started-at="2025-07-26T17:13:15 IST" name="Add Customer Test" finished-at="2025-07-26T17:13:21 IST" duration-ms="6519">
      <class name="com.DKP.testcases.AddCustomer">
        <test-method signature="addCustomerTest(java.util.HashMap)[pri:0, instance:com.DKP.testcases.AddCustomer@8ab78bc]" started-at="2025-07-26T17:13:15 IST" name="addCustomerTest" data-provider="dp" finished-at="2025-07-26T17:13:19 IST" duration-ms="3834" status="PASS">
          <params>
            <param index="0">
              <value>
                <![CDATA[{runmode=Y, firstName=Dharmendra, lastName=Pal, postCode=1234.0}]]>
              </value>
            </param>
          </params>
          <reporter-output>
          </reporter-output>
        </test-method> <!-- addCustomerTest -->
        <test-method signature="addCustomerTest(java.util.HashMap)[pri:0, instance:com.DKP.testcases.AddCustomer@8ab78bc]" started-at="2025-07-26T17:13:19 IST" name="addCustomerTest" data-provider="dp" finished-at="2025-07-26T17:13:21 IST" duration-ms="2584" status="PASS">
          <params>
            <param index="0">
              <value>
                <![CDATA[{runmode=Y, firstName=Suresh, lastName=Pal , postCode=4212.0}]]>
              </value>
            </param>
          </params>
          <reporter-output>
          </reporter-output>
        </test-method> <!-- addCustomerTest -->
      </class> <!-- com.DKP.testcases.AddCustomer -->
    </test> <!-- Add Customer Test -->
    <test started-at="2025-07-26T17:13:22 IST" name="Open Account Test" finished-at="2025-07-26T17:13:25 IST" duration-ms="3945">
      <class name="com.DKP.testcases.OpenAccount">
        <test-method signature="openAccountTest(java.util.HashMap)[pri:0, instance:com.DKP.testcases.OpenAccount@23c388c2]" started-at="2025-07-26T17:13:22 IST" name="openAccountTest" data-provider="dp" finished-at="2025-07-26T17:13:25 IST" duration-ms="3932" status="PASS">
          <params>
            <param index="0">
              <value>
                <![CDATA[{runmode=Y, currency=Rupee, customer=Dharmendra Pal}]]>
              </value>
            </param>
          </params>
          <reporter-output>
          </reporter-output>
        </test-method> <!-- openAccountTest -->
      </class> <!-- com.DKP.testcases.OpenAccount -->
    </test> <!-- Open Account Test -->
    <test started-at="2025-07-26T17:13:26 IST" name="Validate Added Customers" finished-at="2025-07-26T17:13:28 IST" duration-ms="2735">
      <class name="com.DKP.testcases.Customers">
        <test-method signature="Validatecustomers(java.util.HashMap)[pri:0, instance:com.DKP.testcases.Customers@620aa4ea]" started-at="2025-07-26T17:13:26 IST" name="Validatecustomers" data-provider="dp" finished-at="2025-07-26T17:13:28 IST" duration-ms="2725" status="PASS">
          <params>
            <param index="0">
              <value>
                <![CDATA[{runmode=Y, firstName=Suresh, lastName=Pal, postCode=4212.0}]]>
              </value>
            </param>
          </params>
          <reporter-output>
          </reporter-output>
        </test-method> <!-- Validatecustomers -->
      </class> <!-- com.DKP.testcases.Customers -->
    </test> <!-- Validate Added Customers -->
    <test started-at="2025-07-26T17:13:28 IST" name="Customers Login" finished-at="2025-07-26T17:13:32 IST" duration-ms="3511">
      <class name="com.DKP.testcases.CustomerLogin">
        <test-method signature="customerloginTest(java.util.HashMap)[pri:0, instance:com.DKP.testcases.CustomerLogin@13006998]" started-at="2025-07-26T17:13:28 IST" name="customerloginTest" data-provider="dp" finished-at="2025-07-26T17:13:32 IST" duration-ms="3507" status="PASS">
          <params>
            <param index="0">
              <value>
                <![CDATA[{runmode=Y, customer=Dharmendra Pal}]]>
              </value>
            </param>
          </params>
          <reporter-output>
          </reporter-output>
        </test-method> <!-- customerloginTest -->
      </class> <!-- com.DKP.testcases.CustomerLogin -->
    </test> <!-- Customers Login -->
    <test started-at="2025-07-26T17:13:32 IST" name="Customers Amount Deposit Test" finished-at="2025-07-26T17:14:11 IST" duration-ms="39413">
      <class name="com.DKP.testcases.CustomerAmountDepositTest">
        <test-method signature="amountDepositTest(java.util.HashMap)[pri:0, instance:com.DKP.testcases.CustomerAmountDepositTest@677dbd89]" started-at="2025-07-26T17:13:32 IST" name="amountDepositTest" data-provider="dp" finished-at="2025-07-26T17:13:43 IST" duration-ms="11403" status="PASS">
          <params>
            <param index="0">
              <value>
                <![CDATA[{TransactionAmount=100.0, runmode=Y, customer=Dharmendra Pal}]]>
              </value>
            </param>
          </params>
          <reporter-output>
          </reporter-output>
        </test-method> <!-- amountDepositTest -->
        <test-method signature="amountDepositTest(java.util.HashMap)[pri:0, instance:com.DKP.testcases.CustomerAmountDepositTest@677dbd89]" started-at="2025-07-26T17:13:43 IST" name="amountDepositTest" data-provider="dp" finished-at="2025-07-26T17:13:56 IST" duration-ms="12975" status="PASS">
          <params>
            <param index="0">
              <value>
                <![CDATA[{TransactionAmount=200.0, runmode=Y, customer=Dharmendra Pal}]]>
              </value>
            </param>
          </params>
          <reporter-output>
          </reporter-output>
        </test-method> <!-- amountDepositTest -->
        <test-method signature="amountDepositTest(java.util.HashMap)[pri:0, instance:com.DKP.testcases.CustomerAmountDepositTest@677dbd89]" started-at="2025-07-26T17:13:56 IST" name="amountDepositTest" data-provider="dp" finished-at="2025-07-26T17:14:11 IST" duration-ms="15022" status="PASS">
          <params>
            <param index="0">
              <value>
                <![CDATA[{TransactionAmount=700.0, runmode=Y, customer=Dharmendra Pal}]]>
              </value>
            </param>
          </params>
          <reporter-output>
          </reporter-output>
        </test-method> <!-- amountDepositTest -->
      </class> <!-- com.DKP.testcases.CustomerAmountDepositTest -->
    </test> <!-- Customers Amount Deposit Test -->
    <test started-at="2025-07-26T17:14:11 IST" name="Customers Amount Withdrawl Test" finished-at="2025-07-26T17:15:13 IST" duration-ms="61663">
      <class name="com.DKP.testcases.CustomerAmountWithdrawlTest">
        <test-method signature="amountwithdrawlTest(java.util.HashMap)[pri:0, instance:com.DKP.testcases.CustomerAmountWithdrawlTest@f31c0c6]" started-at="2025-07-26T17:14:11 IST" name="amountwithdrawlTest" data-provider="dp" finished-at="2025-07-26T17:14:28 IST" duration-ms="17136" status="PASS">
          <params>
            <param index="0">
              <value>
                <![CDATA[{TransactionAmount=200.0, runmode=Y, customer=Dharmendra Pal}]]>
              </value>
            </param>
          </params>
          <reporter-output>
          </reporter-output>
        </test-method> <!-- amountwithdrawlTest -->
        <test-method signature="amountwithdrawlTest(java.util.HashMap)[pri:0, instance:com.DKP.testcases.CustomerAmountWithdrawlTest@f31c0c6]" started-at="2025-07-26T17:14:28 IST" name="amountwithdrawlTest" data-provider="dp" finished-at="2025-07-26T17:14:50 IST" duration-ms="21215" status="PASS">
          <params>
            <param index="0">
              <value>
                <![CDATA[{TransactionAmount=400.0, runmode=Y, customer=Dharmendra Pal}]]>
              </value>
            </param>
          </params>
          <reporter-output>
          </reporter-output>
        </test-method> <!-- amountwithdrawlTest -->
        <test-method signature="amountwithdrawlTest(java.util.HashMap)[pri:0, instance:com.DKP.testcases.CustomerAmountWithdrawlTest@f31c0c6]" started-at="2025-07-26T17:14:50 IST" name="amountwithdrawlTest" data-provider="dp" finished-at="2025-07-26T17:15:13 IST" duration-ms="23297" status="PASS">
          <params>
            <param index="0">
              <value>
                <![CDATA[{TransactionAmount=300.0, runmode=Y, customer=Dharmendra Pal}]]>
              </value>
            </param>
          </params>
          <reporter-output>
          </reporter-output>
        </test-method> <!-- amountwithdrawlTest -->
      </class> <!-- com.DKP.testcases.CustomerAmountWithdrawlTest -->
    </test> <!-- Customers Amount Withdrawl Test -->
    <test started-at="2025-07-26T17:15:13 IST" name="Customers Logout Test" finished-at="2025-07-26T17:15:14 IST" duration-ms="1342">
      <class name="com.DKP.testcases.CustomerLogoutTest">
        <test-method is-config="true" signature="setUp()[pri:0, instance:com.DKP.testcases.CustomerLogoutTest@21a5fd96]" started-at="2025-07-26T17:13:05 IST" name="setUp" finished-at="2025-07-26T17:13:14 IST" duration-ms="8586" status="PASS">
          <reporter-output>
          </reporter-output>
        </test-method> <!-- setUp -->
        <test-method signature="customerLogoutTest(java.util.HashMap)[pri:0, instance:com.DKP.testcases.CustomerLogoutTest@21a5fd96]" started-at="2025-07-26T17:15:13 IST" name="customerLogoutTest" data-provider="dp" finished-at="2025-07-26T17:15:14 IST" duration-ms="1338" status="PASS">
          <params>
            <param index="0">
              <value>
                <![CDATA[{runmode=Y, customer=Dharmendra Pal}]]>
              </value>
            </param>
          </params>
          <reporter-output>
          </reporter-output>
        </test-method> <!-- customerLogoutTest -->
        <test-method is-config="true" signature="tearDown()[pri:0, instance:com.DKP.testcases.CustomerLogoutTest@21a5fd96]" started-at="2025-07-26T17:15:14 IST" name="tearDown" finished-at="2025-07-26T17:15:15 IST" duration-ms="499" status="PASS">
          <reporter-output>
          </reporter-output>
        </test-method> <!-- tearDown -->
      </class> <!-- com.DKP.testcases.CustomerLogoutTest -->
    </test> <!-- Customers Logout Test -->
  </suite> <!-- Data Driven Basics -->
</testng-results>
