<?xml version="1.0" encoding="UTF-8"?>
<testng-results ignored="0" total="11" passed="10" failed="0" skipped="1">
  <reporter-output>
  </reporter-output>
  <suite started-at="2024-08-11T14:24:37Z" name="Data Driven Basics" finished-at="2024-08-11T14:25:21Z" duration-ms="44032">
    <groups>
    </groups>
    <test started-at="2024-08-11T14:24:37Z" name="Bank Manager Login Test" finished-at="2024-08-11T14:24:38Z" duration-ms="863">
      <class name="com.DKP.testcases.BankManagerLogin">
        <test-method signature="bankmanagerloginTest()[pri:0, instance:com.DKP.testcases.BankManagerLogin@3249a1ce]" started-at="2024-08-11T14:24:37Z" name="bankmanagerloginTest" finished-at="2024-08-11T14:24:38Z" duration-ms="797" status="PASS">
          <reporter-output>
          </reporter-output>
        </test-method> <!-- bankmanagerloginTest -->
      </class> <!-- com.DKP.testcases.BankManagerLogin -->
    </test> <!-- Bank Manager Login Test -->
    <test started-at="2024-08-11T14:24:39Z" name="Add Customer Test" finished-at="2024-08-11T14:24:47Z" duration-ms="7579">
      <class name="com.DKP.testcases.AddCustomer">
        <test-method signature="addCustomerTest(java.util.Hashtable)[pri:0, instance:com.DKP.testcases.AddCustomer@1efdcd5]" started-at="2024-08-11T14:24:39Z" name="addCustomerTest" data-provider="dp" finished-at="2024-08-11T14:24:44Z" duration-ms="4602" status="PASS">
          <params>
            <param index="0">
              <value>
                <![CDATA[{postCode=1234.0, lastName=Pal, firstName=Dharmendra, runmode=Y}]]>
              </value>
            </param>
          </params>
          <reporter-output>
          </reporter-output>
        </test-method> <!-- addCustomerTest -->
        <test-method signature="addCustomerTest(java.util.Hashtable)[pri:0, instance:com.DKP.testcases.AddCustomer@1efdcd5]" started-at="2024-08-11T14:24:44Z" name="addCustomerTest" data-provider="dp" finished-at="2024-08-11T14:24:47Z" duration-ms="2882" status="PASS">
          <params>
            <param index="0">
              <value>
                <![CDATA[{postCode=4212.0, lastName=Pal , firstName=Suresh, runmode=Y}]]>
              </value>
            </param>
          </params>
          <reporter-output>
          </reporter-output>
        </test-method> <!-- addCustomerTest -->
      </class> <!-- com.DKP.testcases.AddCustomer -->
    </test> <!-- Add Customer Test -->
    <test started-at="2024-08-11T14:24:47Z" name="Open Account Test" finished-at="2024-08-11T14:24:51Z" duration-ms="3836">
      <class name="com.DKP.testcases.OpenAccount">
        <test-method signature="openAccountTest(java.util.Hashtable)[pri:0, instance:com.DKP.testcases.OpenAccount@381cad29]" started-at="2024-08-11T14:24:47Z" name="openAccountTest" data-provider="dp" finished-at="2024-08-11T14:24:51Z" duration-ms="3825" status="PASS">
          <params>
            <param index="0">
              <value>
                <![CDATA[{currency=Rupee, runmode=Y, customer=Dharmendra Pal}]]>
              </value>
            </param>
          </params>
          <reporter-output>
          </reporter-output>
        </test-method> <!-- openAccountTest -->
      </class> <!-- com.DKP.testcases.OpenAccount -->
    </test> <!-- Open Account Test -->
    <test started-at="2024-08-11T14:24:51Z" name="Validate Added Customers" finished-at="2024-08-11T14:24:54Z" duration-ms="2912">
      <class name="com.DKP.testcases.Customers">
        <test-method signature="Validatecustomers(java.util.Hashtable)[pri:0, instance:com.DKP.testcases.Customers@1e6b9a95]" started-at="2024-08-11T14:24:51Z" name="Validatecustomers" data-provider="dp" finished-at="2024-08-11T14:24:54Z" duration-ms="2905" status="PASS">
          <params>
            <param index="0">
              <value>
                <![CDATA[{postCode=4212.0, lastName=Pal, firstName=Suresh, runmode=Y}]]>
              </value>
            </param>
          </params>
          <reporter-output>
          </reporter-output>
        </test-method> <!-- Validatecustomers -->
      </class> <!-- com.DKP.testcases.Customers -->
    </test> <!-- Validate Added Customers -->
    <test started-at="2024-08-11T14:24:54Z" name="Customers Login" finished-at="2024-08-11T14:24:56Z" duration-ms="2716">
      <class name="com.DKP.testcases.CustomerLogin">
        <test-method signature="customerloginTest(java.util.Hashtable)[pri:0, instance:com.DKP.testcases.CustomerLogin@d0ec63]" started-at="2024-08-11T14:24:54Z" name="customerloginTest" data-provider="dp" finished-at="2024-08-11T14:24:56Z" duration-ms="2708" status="PASS">
          <params>
            <param index="0">
              <value>
                <![CDATA[{runmode=Y, customer=Dharmendra Pal}]]>
              </value>
            </param>
          </params>
          <reporter-output>
          </reporter-output>
        </test-method> <!-- customerloginTest -->
      </class> <!-- com.DKP.testcases.CustomerLogin -->
    </test> <!-- Customers Login -->
    <test started-at="2024-08-11T14:24:56Z" name="Customers Amount Deposit Test" finished-at="2024-08-11T14:25:02Z" duration-ms="5329">
      <class name="com.DKP.testcases.CustomerAmountDepositTest">
        <test-method signature="amountDepositTest(java.util.Hashtable)[pri:0, instance:com.DKP.testcases.CustomerAmountDepositTest@6e92c6ad]" started-at="2024-08-11T14:24:56Z" name="amountDepositTest" data-provider="dp" finished-at="2024-08-11T14:25:02Z" duration-ms="5323" status="PASS">
          <params>
            <param index="0">
              <value>
                <![CDATA[{runmode=Y, customer=Dharmendra Pal, DepositAmount=300.0}]]>
              </value>
            </param>
          </params>
          <reporter-output>
          </reporter-output>
        </test-method> <!-- amountDepositTest -->
      </class> <!-- com.DKP.testcases.CustomerAmountDepositTest -->
    </test> <!-- Customers Amount Deposit Test -->
    <test started-at="2024-08-11T14:25:02Z" name="Customers Amount Withdrawl Test" finished-at="2024-08-11T14:25:09Z" duration-ms="6817">
      <class name="com.DKP.testcases.CustomerAmountWithdrawlTest">
        <test-method signature="amountwithdrawlTest(java.util.Hashtable)[pri:0, instance:com.DKP.testcases.CustomerAmountWithdrawlTest@6e28bb87]" started-at="2024-08-11T14:25:02Z" name="amountwithdrawlTest" data-provider="dp" finished-at="2024-08-11T14:25:09Z" duration-ms="6813" status="PASS">
          <params>
            <param index="0">
              <value>
                <![CDATA[{runmode=Y, WithDrawlAmount=10.0, customer=Dharmendra Pal}]]>
              </value>
            </param>
          </params>
          <reporter-output>
          </reporter-output>
        </test-method> <!-- amountwithdrawlTest -->
      </class> <!-- com.DKP.testcases.CustomerAmountWithdrawlTest -->
    </test> <!-- Customers Amount Withdrawl Test -->
    <test started-at="2024-08-11T14:25:09Z" name="Customers Amount Transaction Details Test" finished-at="2024-08-11T14:25:19Z" duration-ms="10676">
      <class name="com.DKP.testcases.CustomerAmountTransactionDetailsTest">
        <test-method signature="amountTransactionDetailsTest(java.util.Hashtable)[pri:0, instance:com.DKP.testcases.CustomerAmountTransactionDetailsTest@4a183d02]" started-at="2024-08-11T14:25:09Z" name="amountTransactionDetailsTest" data-provider="dp" finished-at="2024-08-11T14:25:19Z" duration-ms="10658" status="PASS">
          <params>
            <param index="0">
              <value>
                <![CDATA[{TransactionAmount=300.0, TransactionType=Credit, runmode=Y, DateTime=Aug 11, 2024, customer=Dharmendra Pal}]]>
              </value>
            </param>
          </params>
          <reporter-output>
          </reporter-output>
        </test-method> <!-- amountTransactionDetailsTest -->
        <test-method signature="amountTransactionDetailsTest(java.util.Hashtable)[pri:0, instance:com.DKP.testcases.CustomerAmountTransactionDetailsTest@4a183d02]" started-at="2024-08-11T14:25:19Z" name="amountTransactionDetailsTest" data-provider="dp" finished-at="2024-08-11T14:25:19Z" duration-ms="6" status="SKIP">
          <params>
            <param index="0">
              <value>
                <![CDATA[{TransactionAmount=10.0, TransactionType=Debit, runmode=N, DateTime=Aug 10, 2024, customer=Dharmendra Pal}]]>
              </value>
            </param>
          </params>
          <exception class="org.testng.SkipException">
            <message>
              <![CDATA[Skipping test case execution as the runmode for this testdata is set as No]]>
            </message>
            <full-stacktrace>
              <![CDATA[org.testng.SkipException: Skipping test case execution as the runmode for this testdata is set as No
at com.DKP.testcases.CustomerAmountTransactionDetailsTest.amountTransactionDetailsTest(CustomerAmountTransactionDetailsTest.java:28)
at java.base/jdk.internal.reflect.NativeMethodAccessorImpl.invoke0(Native Method)
at java.base/jdk.internal.reflect.NativeMethodAccessorImpl.invoke(NativeMethodAccessorImpl.java:77)
at java.base/jdk.internal.reflect.DelegatingMethodAccessorImpl.invoke(DelegatingMethodAccessorImpl.java:43)
at java.base/java.lang.reflect.Method.invoke(Method.java:568)
at org.testng.internal.MethodInvocationHelper.invokeMethod(MethodInvocationHelper.java:124)
at org.testng.internal.Invoker.invokeMethod(Invoker.java:583)
at org.testng.internal.Invoker.invokeTestMethod(Invoker.java:719)
at org.testng.internal.Invoker.invokeTestMethods(Invoker.java:989)
at org.testng.internal.TestMethodWorker.invokeTestMethods(TestMethodWorker.java:125)
at org.testng.internal.TestMethodWorker.run(TestMethodWorker.java:109)
at org.testng.TestRunner.privateRun(TestRunner.java:648)
at org.testng.TestRunner.run(TestRunner.java:505)
at org.testng.SuiteRunner.runTest(SuiteRunner.java:455)
at org.testng.SuiteRunner.runSequentially(SuiteRunner.java:450)
at org.testng.SuiteRunner.privateRun(SuiteRunner.java:415)
at org.testng.SuiteRunner.run(SuiteRunner.java:364)
at org.testng.SuiteRunnerWorker.runSuite(SuiteRunnerWorker.java:52)
at org.testng.SuiteRunnerWorker.run(SuiteRunnerWorker.java:84)
at org.testng.TestNG.runSuitesSequentially(TestNG.java:1208)
at org.testng.TestNG.runSuitesLocally(TestNG.java:1137)
at org.testng.TestNG.runSuites(TestNG.java:1049)
at org.testng.TestNG.run(TestNG.java:1017)
at org.testng.remote.AbstractRemoteTestNG.run(AbstractRemoteTestNG.java:115)
at org.testng.remote.RemoteTestNG.initAndRun(RemoteTestNG.java:251)
at org.testng.remote.RemoteTestNG.main(RemoteTestNG.java:77)
]]>
            </full-stacktrace>
          </exception> <!-- org.testng.SkipException -->
          <reporter-output>
          </reporter-output>
        </test-method> <!-- amountTransactionDetailsTest -->
      </class> <!-- com.DKP.testcases.CustomerAmountTransactionDetailsTest -->
    </test> <!-- Customers Amount Transaction Details Test -->
    <test started-at="2024-08-11T14:25:19Z" name="Customers Logout Test" finished-at="2024-08-11T14:25:21Z" duration-ms="1371">
      <class name="com.DKP.testcases.CustomerLogoutTest">
        <test-method is-config="true" signature="setUp()[pri:0, instance:com.DKP.testcases.CustomerLogoutTest@5b5caf08]" started-at="2024-08-11T14:24:25Z" name="setUp" finished-at="2024-08-11T14:24:37Z" duration-ms="12251" status="PASS">
          <reporter-output>
          </reporter-output>
        </test-method> <!-- setUp -->
        <test-method signature="customerLogoutTest(java.util.Hashtable)[pri:0, instance:com.DKP.testcases.CustomerLogoutTest@5b5caf08]" started-at="2024-08-11T14:25:19Z" name="customerLogoutTest" data-provider="dp" finished-at="2024-08-11T14:25:21Z" duration-ms="1364" status="PASS">
          <params>
            <param index="0">
              <value>
                <![CDATA[{runmode=Y, customer=Dharmendra Pal}]]>
              </value>
            </param>
          </params>
          <reporter-output>
          </reporter-output>
        </test-method> <!-- customerLogoutTest -->
        <test-method is-config="true" signature="tearDown()[pri:0, instance:com.DKP.testcases.CustomerLogoutTest@5b5caf08]" started-at="2024-08-11T14:25:21Z" name="tearDown" finished-at="2024-08-11T14:25:22Z" duration-ms="837" status="PASS">
          <reporter-output>
          </reporter-output>
        </test-method> <!-- tearDown -->
      </class> <!-- com.DKP.testcases.CustomerLogoutTest -->
    </test> <!-- Customers Logout Test -->
  </suite> <!-- Data Driven Basics -->
</testng-results>
