<?xml version="1.0" encoding="UTF-8"?>
<testsuite name="Customers Amount Deposit Test"
           tests="3"
           failures="0"
           errors="0"
           skipped="0"
           time="39.079">
  <properties />
  
  
            <testcase name="amountDepositTest" time="11.232" classname="com.DKP.testcases.CustomerAmountDepositTest" />
                <testcase name="amountDepositTest" time="12.860" classname="com.DKP.testcases.CustomerAmountDepositTest" />
                <testcase name="amountDepositTest" time="14.987" classname="com.DKP.testcases.CustomerAmountDepositTest" />
      
</testsuite>
