<?xml version="1.0" encoding="UTF-8"?>
<testsuite name="Customers Amount Withdrawl Test"
           tests="3"
           failures="0"
           errors="0"
           skipped="0"
           time="64.402">
  <properties />
  
  
            <testcase name="amountwithdrawlTest" time="16.811" classname="com.DKP.testcases.CustomerAmountWithdrawlTest" />
                <testcase name="amountwithdrawlTest" time="24.878" classname="com.DKP.testcases.CustomerAmountWithdrawlTest" />
                <testcase name="amountwithdrawlTest" time="22.713" classname="com.DKP.testcases.CustomerAmountWithdrawlTest" />
      
</testsuite>
