<?xml version="1.0" encoding="UTF-8"?>
<testsuite name="Customers Amount Deposit Test"
           tests="3"
           failures="0"
           errors="0"
           skipped="0"
           time="40.905">
  <properties />
  
  
            <testcase name="amountDepositTest" time="12.604" classname="com.DKP.testcases.CustomerAmountDepositTest" />
                <testcase name="amountDepositTest" time="13.146" classname="com.DKP.testcases.CustomerAmountDepositTest" />
                <testcase name="amountDepositTest" time="15.155" classname="com.DKP.testcases.CustomerAmountDepositTest" />
      
</testsuite>
